[1] "Identifying live cells"
Loading required package: foreach
Loading required package: iterators
Loading required package: parallel
[1] "07_0630 d360 and 07_0630 d540_normalized-2.1GB_singlets"
Registered S3 method overwritten by 'R.oo':
  method        from       
  throw.default R.methodsS3
Loading required package: flowWorkspace
Loading required package: ggplot2
Loading required package: flowCore
Loading required package: ncdfFlow
Loading required package: RcppArmadillo
Loading required package: BH

Attaching package: 'magrittr'

The following object is masked from 'package:flowWorkspace':

    add


Attaching package: 'cowplot'

The following object is masked from 'package:ggplot2':

    ggsave


Attaching package: 'purrr'

The following object is masked from 'package:magrittr':

    set_names

The following objects are masked from 'package:foreach':

    accumulate, when


Attaching package: 'dplyr'

The following object is masked from 'package:ncdfFlow':

    filter

The following object is masked from 'package:flowCore':

    filter

The following objects are masked from 'package:stats':

    filter, lag

The following objects are masked from 'package:base':

    intersect, setdiff, setequal, union

loading R object...
Done
post load
write 07_0630 d360 and 07_0630 d540_normalized-2.1GB_debeaded.fcs to empty cdf slot...
post gate
post yield
post plot_1
post plot_2
post plot_2
saving ncdf...
saving R object...
Done
To reload it, use 'load_ncfs' function

post save
[1] "07_0663 d360 and 07_0663 d540 _2_normalized-2.1GB_singlets"
loading R object...
Done
post load
write 07_0663 d360 and 07_0663 d540 _2_normalized-2.1GB_debeaded.fcs to empty cdf slot...
post gate
post yield
post plot_1
post plot_2
post plot_2
saving ncdf...
saving R object...
Done
To reload it, use 'load_ncfs' function

post save
[1] "07_0692 D0 AND 04_1058 D0_normalized-2.1GB_singlets"
loading R object...
Done
post load
write 07_0692 D0 AND 04_1058 D0_normalized-2.1GB_debeaded.fcs to empty cdf slot...
post gate
post yield
post plot_1
post plot_2
post plot_2
saving ncdf...
saving R object...
Done
To reload it, use 'load_ncfs' function

post save
[1] "07_0692 d180 and 04_1058 d180_normalized-2.1GB_singlets"
loading R object...
Done
post load
write 07_0692 d180 and 04_1058 d180_normalized-2.1GB_debeaded.fcs to empty cdf slot...
post gate
post yield
post plot_1
post plot_2
post plot_2
saving ncdf...
saving R object...
Done
To reload it, use 'load_ncfs' function

post save
[1] "07_1003 day360 and day540_normalized-2.1GB_singlets"
loading R object...
Done
post load
write 07_1003 day360 and day540_normalized-2.1GB_debeaded.fcs to empty cdf slot...
post gate
post yield
post plot_1
post plot_2
post plot_2
saving ncdf...
saving R object...
Done
To reload it, use 'load_ncfs' function

post save
[1] "07_1115_1_1-2.1GB_singlets"
loading R object...
Done
post load
write 07_1115_1_1-2.1GB_debeaded.fcs to empty cdf slot...
post gate
post yield
post plot_1
post plot_2
post plot_2
saving ncdf...
saving R object...
Done
To reload it, use 'load_ncfs' function

post save
[1] "07_1153 D540 AND 07_0811 D540_4_1-2.1GB_singlets"
loading R object...
Done
post load
write 07_1153 D540 AND 07_0811 D540_4_1-2.1GB_debeaded.fcs to empty cdf slot...
post gate
post yield
post plot_1
post plot_2
post plot_2
saving ncdf...
saving R object...
Done
To reload it, use 'load_ncfs' function

post save
[1] "07_1158 d360 and 07_1158 d540_normalized_singlets"
loading R object...
Done
post load
write 07_1158 d360 and 07_1158 d540_normalized_debeaded.fcs to empty cdf slot...
post gate
post yield
post plot_1
post plot_2
post plot_2
saving ncdf...
saving R object...
Done
To reload it, use 'load_ncfs' function

post save
[1] "07-0135 DO AND 09-0406 DO. FCS_normalized-2.1GB_singlets"
loading R object...
Done
post load
write 07-0135 DO AND 09-0406 DO. FCS_normalized-2.1GB_debeaded.fcs to empty cdf slot...
post gate
post yield
post plot_1
post plot_2
post plot_2
saving ncdf...
saving R object...
Done
To reload it, use 'load_ncfs' function

post save
[1] "07-0259 D360 and 04-1067 D360_normalized-2.1GB_singlets"
loading R object...
Done
post load
write 07-0259 D360 and 04-1067 D360_normalized-2.1GB_debeaded.fcs to empty cdf slot...
post gate
post yield
post plot_1
post plot_2
post plot_2
saving ncdf...
saving R object...
Done
To reload it, use 'load_ncfs' function

post save
[1] "07-0262 D360 AND 540 27NOV2017_normalized-2.1GB_singlets"
loading R object...
Done
post load
write 07-0262 D360 AND 540 27NOV2017_normalized-2.1GB_debeaded.fcs to empty cdf slot...
post gate
post yield
post plot_1
post plot_2
post plot_2
saving ncdf...
saving R object...
Done
To reload it, use 'load_ncfs' function

post save
[1] "07-0262 DO AND D180 24NOV2017_normalized-2.1GB_singlets"
loading R object...
Done
post load
write 07-0262 DO AND D180 24NOV2017_normalized-2.1GB_debeaded.fcs to empty cdf slot...
post gate
post yield
post plot_1
post plot_2
post plot_2
saving ncdf...
saving R object...
Done
To reload it, use 'load_ncfs' function

post save
[1] "07-0692 D360 AND 04-1058 D360_normalized_singlets"
loading R object...
Done
post load
write 07-0692 D360 AND 04-1058 D360_normalized_debeaded.fcs to empty cdf slot...
post gate
post yield
post plot_1
post plot_2
post plot_2
saving ncdf...
saving R object...
Done
To reload it, use 'load_ncfs' function

post save
[1] "09_0314 D0 AND 01_0978 D0_normalized-2.1GB_singlets"
loading R object...
Done
post load
write 09_0314 D0 AND 01_0978 D0_normalized-2.1GB_debeaded.fcs to empty cdf slot...
post gate
post yield
post plot_1
post plot_2
post plot_2
saving ncdf...
saving R object...
Done
To reload it, use 'load_ncfs' function

post save
[1] "09_0453 d0 and 09_0745 D0_normalized-2.1GB_singlets"
loading R object...
Done
post load
write 09_0453 d0 and 09_0745 D0_normalized-2.1GB_debeaded.fcs to empty cdf slot...
post gate
post yield
post plot_1
post plot_2
post plot_2
saving ncdf...
saving R object...
Done
To reload it, use 'load_ncfs' function

post save
[1] "09_0467 d0 and 09_0278 d0_normalized_singlets"
loading R object...
Done
post load
write 09_0467 d0 and 09_0278 d0_normalized_debeaded.fcs to empty cdf slot...
post gate
post yield
post plot_1
post plot_2
post plot_2
saving ncdf...
saving R object...
Done
To reload it, use 'load_ncfs' function

post save
[1] "09_0507 d0 09_0587 d0_normalized-2.1GB_singlets"
loading R object...
Done
post load
write 09_0507 d0 09_0587 d0_normalized-2.1GB_debeaded.fcs to empty cdf slot...
post gate
post yield
post plot_1
post plot_2
post plot_2
saving ncdf...
saving R object...
Done
To reload it, use 'load_ncfs' function

post save
[1] "09_0569 D0 and 09_0529 D0_normalized-2.1GB_singlets"
loading R object...
Done
post load
write 09_0569 D0 and 09_0529 D0_normalized-2.1GB_debeaded.fcs to empty cdf slot...
post gate
post yield
post plot_1
post plot_2
post plot_2
saving ncdf...
saving R object...
Done
To reload it, use 'load_ncfs' function

post save
[1] "09_0789 D0 AND 09_0712 D0_normalized-2.1GB_singlets"
loading R object...
Done
post load
write 09_0789 D0 AND 09_0712 D0_normalized-2.1GB_debeaded.fcs to empty cdf slot...
post gate
post yield
post plot_1
post plot_2
post plot_2
saving ncdf...
saving R object...
Done
To reload it, use 'load_ncfs' function

post save
[1] "29NOV2017 07-0080D360 AND 07-0080 D540_normalized-2.1GB_singlets"
loading R object...
Done
post load
write 29NOV2017 07-0080D360 AND 07-0080 D540_normalized-2.1GB_debeaded.fcs to empty cdf slot...
post gate
post yield
post plot_1
post plot_2
post plot_2
saving ncdf...
saving R object...
Done
To reload it, use 'load_ncfs' function

post save
[1] "30NOV2017 07-0080 DAY0 AND 07-0080 DAY180_normalized-2.1GB_singlets"
loading R object...
Done
post load
write 30NOV2017 07-0080 DAY0 AND 07-0080 DAY180_normalized-2.1GB_debeaded.fcs to empty cdf slot...
post gate
post yield
post plot_1
post plot_2
post plot_2
saving ncdf...
saving R object...
Done
To reload it, use 'load_ncfs' function

post save
[1] "frozen 07_0060 d180 and 04_0699 d180_6_1-2.1GB_singlets"
loading R object...
Done
post load
write frozen 07_0060 d180 and 04_0699 d180_6_1-2.1GB_debeaded.fcs to empty cdf slot...
post gate
post yield
post plot_1
post plot_2
post plot_2
saving ncdf...
saving R object...
Done
To reload it, use 'load_ncfs' function

post save
[1] "FROZEN_07_0060 D0 AND 04_0699D0_normalized-2.1GB_singlets"
loading R object...
Done
post load
write FROZEN_07_0060 D0 AND 04_0699D0_normalized-2.1GB_debeaded.fcs to empty cdf slot...
post gate
post yield
post plot_1
post plot_2
post plot_2
saving ncdf...
saving R object...
Done
To reload it, use 'load_ncfs' function

post save
[1] "FROZEN 20FEB TO 09MAR_ 07_1153 D360 AND 07_0811 D360_normalized-2.1GB_singlets"
loading R object...
Done
post load
write FROZEN 20FEB TO 09MAR_ 07_1153 D360 AND 07_0811 D360_normalized-2.1GB_debeaded.fcs to empty cdf slot...
post gate
post yield
post plot_1
post plot_2
post plot_2
saving ncdf...
saving R object...
Done
To reload it, use 'load_ncfs' function

post save
[1] "FROZEN_04_1241 d360 and 07_0119 d360_normalized_singlets"
loading R object...
Done
post load
write FROZEN_04_1241 d360 and 07_0119 d360_normalized_debeaded.fcs to empty cdf slot...
post gate
post yield
post plot_1
post plot_2
post plot_2
saving ncdf...
saving R object...
Done
To reload it, use 'load_ncfs' function

post save
[1] "in beads for 10 days 07-0259 day540 and 04-1067 day 540_normalized-2.1GB_singlets"
loading R object...
Done
post load
write in beads for 10 days 07-0259 day540 and 04-1067 day 540_normalized-2.1GB_debeaded.fcs to empty cdf slot...
post gate
post yield
post plot_1
post plot_2
post plot_2
saving ncdf...
saving R object...
Done
To reload it, use 'load_ncfs' function

post save
[1] "miguel-from_r-06_0127 and 06_0127b_5_1-2.1GB_singlets"
loading R object...
Done
post load
write miguel-from_r-06_0127 and 06_0127b_5_1-2.1GB_debeaded.fcs to empty cdf slot...
post gate
post yield
post plot_1
post plot_2
post plot_2
saving ncdf...
saving R object...
Done
To reload it, use 'load_ncfs' function

post save
minutes_to_run.elapsed 
                    73 
