[1] "Identifying live cells"
Loading required package: foreach
Loading required package: iterators
Loading required package: parallel
[1] "01_0782 day0 and day180 06sep2017_normalized-2.1GB_singlets"
Registered S3 method overwritten by 'R.oo':
  method        from       
  throw.default R.methodsS3
Loading required package: flowWorkspace
Loading required package: ggplot2
Loading required package: flowCore
Loading required package: ncdfFlow
Loading required package: RcppArmadillo
Loading required package: BH

Attaching package: 'magrittr'

The following object is masked from 'package:flowWorkspace':

    add


Attaching package: 'cowplot'

The following object is masked from 'package:ggplot2':

    ggsave


Attaching package: 'purrr'

The following object is masked from 'package:magrittr':

    set_names

The following objects are masked from 'package:foreach':

    accumulate, when


Attaching package: 'dplyr'

The following object is masked from 'package:ncdfFlow':

    filter

The following object is masked from 'package:flowCore':

    filter

The following objects are masked from 'package:stats':

    filter, lag

The following objects are masked from 'package:base':

    intersect, setdiff, setequal, union

loading R object...
Done
post load
write 01_0782 day0 and day180 06sep2017_normalized-2.1GB_debeaded.fcs to empty cdf slot...
post gate
post yield
post plot_1
post plot_2
post plot_2
saving ncdf...
saving R object...
Done
To reload it, use 'load_ncfs' function

post save
[1] "01_0673 d0 09_0462 d0 _1_1-2.1GB_singlets"
loading R object...
Done
post load
write 01_0673 d0 09_0462 d0 _1_1-2.1GB_debeaded.fcs to empty cdf slot...
post gate
post yield
post plot_1
post plot_2
post plot_2
saving ncdf...
saving R object...
Done
To reload it, use 'load_ncfs' function

post save
[1] "01-0993 D0 AND 07-1147 DAY0_normalized-2.1GB_singlets"
loading R object...
Done
post load
write 01-0993 D0 AND 07-1147 DAY0_normalized-2.1GB_debeaded.fcs to empty cdf slot...
post gate
post yield
post plot_1
post plot_2
post plot_2
saving ncdf...
saving R object...
Done
To reload it, use 'load_ncfs' function

post save
[1] "02-0185 DO AND 09-0296 D0 29SEP2017_normalized-2.1GB_singlets"
loading R object...
Done
post load
write 02-0185 DO AND 09-0296 D0 29SEP2017_normalized-2.1GB_debeaded.fcs to empty cdf slot...
post gate
post yield
post plot_1
post plot_2
post plot_2
saving ncdf...
saving R object...
Done
To reload it, use 'load_ncfs' function

post save
[1] "03_0448 D0 and 09_0581 D0_normalized-2.1GB_singlets"
loading R object...
Done
post load
write 03_0448 D0 and 09_0581 D0_normalized-2.1GB_debeaded.fcs to empty cdf slot...
post gate
post yield
post plot_1
post plot_2
post plot_2
saving ncdf...
saving R object...
Done
To reload it, use 'load_ncfs' function

post save
[1] "03-0697 D0 and 03-0545 D0_normalized-2.1GB_singlets"
loading R object...
Done
post load
write 03-0697 D0 and 03-0545 D0_normalized-2.1GB_debeaded.fcs to empty cdf slot...
post gate
post yield
post plot_1
post plot_2
post plot_2
saving ncdf...
saving R object...
Done
To reload it, use 'load_ncfs' function

post save
[1] "04_0152 D0 AND 04_0152 D180_normalized-2.1GB_singlets"
loading R object...
Done
post load
write 04_0152 D0 AND 04_0152 D180_normalized-2.1GB_debeaded.fcs to empty cdf slot...
post gate
post yield
post plot_1
post plot_2
post plot_2
saving ncdf...
saving R object...
Done
To reload it, use 'load_ncfs' function

post save
[1] "04_0152 d360 and d540_3_1-2.1GB_singlets"
loading R object...
Done
post load
write 04_0152 d360 and d540_3_1-2.1GB_debeaded.fcs to empty cdf slot...
post gate
post yield
post plot_1
post plot_2
post plot_2
saving ncdf...
saving R object...
Done
To reload it, use 'load_ncfs' function

post save
[1] "04_0238 d0and d180-2_normalized-2.1GB_singlets"
loading R object...
Done
post load
write 04_0238 d0and d180-2_normalized-2.1GB_debeaded.fcs to empty cdf slot...
post gate
post yield
post plot_1
post plot_2
post plot_2
saving ncdf...
saving R object...
Done
To reload it, use 'load_ncfs' function

post save
[1] "04_0511 D0 AND 04_1119 D0_normalized-2.1GB_singlets"
loading R object...
Done
post load
write 04_0511 D0 AND 04_1119 D0_normalized-2.1GB_debeaded.fcs to empty cdf slot...
post gate
post yield
post plot_1
post plot_2
post plot_2
saving ncdf...
saving R object...
Done
To reload it, use 'load_ncfs' function

post save
[1] "04_0695 do and d180_4_1-2.1GB_singlets"
loading R object...
Done
post load
write 04_0695 do and d180_4_1-2.1GB_debeaded.fcs to empty cdf slot...
post gate
post yield
post plot_1
post plot_2
post plot_2
saving ncdf...
saving R object...
Done
To reload it, use 'load_ncfs' function

post save
[1] "04_0718 d360 and 04_0886 d360_normalized-2.1GB_singlets"
loading R object...
Done
post load
write 04_0718 d360 and 04_0886 d360_normalized-2.1GB_debeaded.fcs to empty cdf slot...
post gate
post yield
post plot_1
post plot_2
post plot_2
saving ncdf...
saving R object...
Done
To reload it, use 'load_ncfs' function

post save
[1] "04_0741_d0 and d180_normalized-2.1GB_singlets"
loading R object...
Done
post load
write 04_0741_d0 and d180_normalized-2.1GB_debeaded.fcs to empty cdf slot...
post gate
post yield
post plot_1
post plot_2
post plot_2
saving ncdf...
saving R object...
Done
To reload it, use 'load_ncfs' function

post save
[1] "04_0779 D0 AND 07_0369 D0_normalized-2.1GB_singlets"
loading R object...
Done
post load
write 04_0779 D0 AND 07_0369 D0_normalized-2.1GB_debeaded.fcs to empty cdf slot...
post gate
post yield
post plot_1
post plot_2
post plot_2
saving ncdf...
saving R object...
Done
To reload it, use 'load_ncfs' function

post save
[1] "04_0811D180 AND 07_1153 D180_normalized-2.1GB_singlets"
loading R object...
Done
post load
write 04_0811D180 AND 07_1153 D180_normalized-2.1GB_debeaded.fcs to empty cdf slot...
post gate
post yield
post plot_1
post plot_2
post plot_2
saving ncdf...
saving R object...
Done
To reload it, use 'load_ncfs' function

post save
[1] "04_0843 D0 AND 04_0843 D180_normalized-2.1GB_singlets"
loading R object...
Done
post load
write 04_0843 D0 AND 04_0843 D180_normalized-2.1GB_debeaded.fcs to empty cdf slot...
post gate
post yield
post plot_1
post plot_2
post plot_2
saving ncdf...
saving R object...
Done
To reload it, use 'load_ncfs' function

post save
[1] "04_0843 d360 and 04_0843 d540_normalized-2.1GB_singlets"
loading R object...
Done
post load
write 04_0843 d360 and 04_0843 d540_normalized-2.1GB_debeaded.fcs to empty cdf slot...
post gate
post yield
post plot_1
post plot_2
post plot_2
saving ncdf...
saving R object...
Done
To reload it, use 'load_ncfs' function

post save
[1] "04_0910 d0 and 07_1132 d0_normalized-2.1GB_singlets"
loading R object...
Done
post load
write 04_0910 d0 and 07_1132 d0_normalized-2.1GB_debeaded.fcs to empty cdf slot...
post gate
post yield
post plot_1
post plot_2
post plot_2
saving ncdf...
saving R object...
Done
To reload it, use 'load_ncfs' function

post save
[1] "04_0910 D540 AND 07_1132 D540_normalized-2.1GB_singlets"
loading R object...
Done
post load
write 04_0910 D540 AND 07_1132 D540_normalized-2.1GB_debeaded.fcs to empty cdf slot...
post gate
post yield
post plot_1
post plot_2
post plot_2
saving ncdf...
saving R object...
Done
To reload it, use 'load_ncfs' function

post save
[1] "04_1020 D360 and 04_1020 D540_normalized-2.1GB_singlets"
loading R object...
Done
post load
write 04_1020 D360 and 04_1020 D540_normalized-2.1GB_debeaded.fcs to empty cdf slot...
post gate
post yield
post plot_1
post plot_2
post plot_2
saving ncdf...
saving R object...
Done
To reload it, use 'load_ncfs' function

post save
[1] "04_1020D0 and 04_1020 D180_normalized_singlets"
loading R object...
Done
post load
write 04_1020D0 and 04_1020 D180_normalized_debeaded.fcs to empty cdf slot...
post gate
post yield
post plot_1
post plot_2
post plot_2
saving ncdf...
saving R object...
Done
To reload it, use 'load_ncfs' function

post save
[1] "04_1056 d0 and 04_0979 d0_normalized-2.1GB_singlets"
loading R object...
Done
post load
write 04_1056 d0 and 04_0979 d0_normalized-2.1GB_debeaded.fcs to empty cdf slot...
post gate
post yield
post plot_1
post plot_2
post plot_2
saving ncdf...
saving R object...
Done
To reload it, use 'load_ncfs' function

post save
[1] "04_1056 d180 and 04_0979 d180_normalized-2.1GB_singlets"
loading R object...
Done
post load
write 04_1056 d180 and 04_0979 d180_normalized-2.1GB_debeaded.fcs to empty cdf slot...
post gate
post yield
post plot_1
post plot_2
post plot_2
saving ncdf...
saving R object...
Done
To reload it, use 'load_ncfs' function

post save
[1] "04_1104 d0 and d180_2_1-2.1GB_singlets"
loading R object...
Done
post load
write 04_1104 d0 and d180_2_1-2.1GB_debeaded.fcs to empty cdf slot...
post gate
post yield
post plot_1
post plot_2
post plot_2
saving ncdf...
saving R object...
Done
To reload it, use 'load_ncfs' function

post save
[1] "04_1241 D0 AND 07_0119 D0_normalized-2.1GB_singlets"
loading R object...
Done
post load
write 04_1241 D0 AND 07_0119 D0_normalized-2.1GB_debeaded.fcs to empty cdf slot...
post gate
post yield
post plot_1
post plot_2
post plot_2
saving ncdf...
saving R object...
Done
To reload it, use 'load_ncfs' function

post save
[1] "04_1241 d180 and 07_0119 d180_normalized_singlets"
loading R object...
Done
post load
write 04_1241 d180 and 07_0119 d180_normalized_debeaded.fcs to empty cdf slot...
post gate
post yield
post plot_1
post plot_2
post plot_2
saving ncdf...
saving R object...
Done
To reload it, use 'load_ncfs' function

post save
[1] "04-0718 D0 AND 04-0886 D0_normalized-2.1GB_singlets"
loading R object...
Done
post load
write 04-0718 D0 AND 04-0886 D0_normalized-2.1GB_debeaded.fcs to empty cdf slot...
post gate
post yield
post plot_1
post plot_2
post plot_2
saving ncdf...
saving R object...
Done
To reload it, use 'load_ncfs' function

post save
[1] "04-0718 D180 AND 04-0886 D180_normalized-2.1GB_singlets"
loading R object...
Done
post load
write 04-0718 D180 AND 04-0886 D180_normalized-2.1GB_debeaded.fcs to empty cdf slot...
post gate
post yield
post plot_1
post plot_2
post plot_2
saving ncdf...
saving R object...
Done
To reload it, use 'load_ncfs' function

post save
[1] "04-0910 D360 AND 07-1132 D360_normalized-2.1GB_singlets"
loading R object...
Done
post load
write 04-0910 D360 AND 07-1132 D360_normalized-2.1GB_debeaded.fcs to empty cdf slot...
post gate
post yield
post plot_1
post plot_2
post plot_2
saving ncdf...
saving R object...
Done
To reload it, use 'load_ncfs' function

post save
[1] "04-1056 D360 PLUS 04-0979 D360_normalized-2.1GB_singlets"
loading R object...
Done
post load
write 04-1056 D360 PLUS 04-0979 D360_normalized-2.1GB_debeaded.fcs to empty cdf slot...
post gate
post yield
post plot_1
post plot_2
post plot_2
saving ncdf...
saving R object...
Done
To reload it, use 'load_ncfs' function

post save
[1] "040238 d0and d180-2_normalized-2.1GB_singlets"
loading R object...
Done
post load
write 040238 d0and d180-2_normalized-2.1GB_debeaded.fcs to empty cdf slot...
post gate
post yield
post plot_1
post plot_2
post plot_2
saving ncdf...
saving R object...
Done
To reload it, use 'load_ncfs' function

post save
[1] "06_0129 d0 and d180_5_1-2.1GB_singlets"
loading R object...
Done
post load
write 06_0129 d0 and d180_5_1-2.1GB_debeaded.fcs to empty cdf slot...
post gate
post yield
post plot_1
post plot_2
post plot_2
saving ncdf...
saving R object...
Done
To reload it, use 'load_ncfs' function

post save
[1] "07_0060 D360 AND 04_0699 D360_normalized-2.1GB_singlets"
loading R object...
Done
post load
write 07_0060 D360 AND 04_0699 D360_normalized-2.1GB_debeaded.fcs to empty cdf slot...
post gate
post yield
post plot_1
post plot_2
post plot_2
saving ncdf...
saving R object...
Done
To reload it, use 'load_ncfs' function

post save
[1] "07_0150 D0 AND D180_2_1-2.1GB_singlets"
loading R object...
Done
post load
write 07_0150 D0 AND D180_2_1-2.1GB_debeaded.fcs to empty cdf slot...
post gate
post yield
post plot_1
post plot_2
post plot_2
saving ncdf...
saving R object...
Done
To reload it, use 'load_ncfs' function

post save
[1] "07_0177 D0 AND 07_0177 D180_normalized-2.1GB_singlets"
loading R object...
Done
post load
write 07_0177 D0 AND 07_0177 D180_normalized-2.1GB_debeaded.fcs to empty cdf slot...
post gate
post yield
post plot_1
post plot_2
post plot_2
saving ncdf...
saving R object...
Done
To reload it, use 'load_ncfs' function

post save
[1] "07_0208 D0 and D540_normalized-2.1GB_singlets"
loading R object...
Done
post load
write 07_0208 D0 and D540_normalized-2.1GB_debeaded.fcs to empty cdf slot...
post gate
post yield
post plot_1
post plot_2
post plot_2
saving ncdf...
saving R object...
Done
To reload it, use 'load_ncfs' function

post save
[1] "07_0214 DE360 and D540_normalized_singlets"
loading R object...
Done
post load
write 07_0214 DE360 and D540_normalized_debeaded.fcs to empty cdf slot...
post gate
post yield
post plot_1
post plot_2
post plot_2
saving ncdf...
saving R object...
Done
To reload it, use 'load_ncfs' function

post save
[1] "07_0236 D0 AND D180_3_1-2.1GB_singlets"
loading R object...
Done
post load
write 07_0236 D0 AND D180_3_1-2.1GB_debeaded.fcs to empty cdf slot...
post gate
post yield
post plot_1
post plot_2
post plot_2
saving ncdf...
saving R object...
Done
To reload it, use 'load_ncfs' function

post save
[1] "07_0259 d0 and 04_1067 d0_normalized-2.1GB_singlets"
loading R object...
Done
post load
write 07_0259 d0 and 04_1067 d0_normalized-2.1GB_debeaded.fcs to empty cdf slot...
post gate
post yield
post plot_1
post plot_2
post plot_2
saving ncdf...
saving R object...
Done
To reload it, use 'load_ncfs' function

post save
[1] "07_0386 D0 and D540_normalized-2.1GB_singlets"
loading R object...
Done
post load
write 07_0386 D0 and D540_normalized-2.1GB_debeaded.fcs to empty cdf slot...
post gate
post yield
post plot_1
post plot_2
post plot_2
saving ncdf...
saving R object...
Done
To reload it, use 'load_ncfs' function

post save
[1] "07_0390 D0 and D540_normalized-2.1GB_singlets"
loading R object...
Done
post load
write 07_0390 D0 and D540_normalized-2.1GB_debeaded.fcs to empty cdf slot...
post gate
post yield
post plot_1
post plot_2
post plot_2
saving ncdf...
saving R object...
Done
To reload it, use 'load_ncfs' function

post save
[1] "07_0424 d0 and d540_normalized_singlets"
loading R object...
Done
post load
write 07_0424 d0 and d540_normalized_debeaded.fcs to empty cdf slot...
post gate
post yield
post plot_1
post plot_2
post plot_2
saving ncdf...
saving R object...
Done
To reload it, use 'load_ncfs' function

post save
[1] "07_0425D0 and D180_normalized-2.1GB_singlets"
loading R object...
Done
post load
write 07_0425D0 and D180_normalized-2.1GB_debeaded.fcs to empty cdf slot...
post gate
post yield
post plot_1
post plot_2
post plot_2
saving ncdf...
saving R object...
Done
To reload it, use 'load_ncfs' function

post save
[1] "07_0561 D0 AND D180_normalized-2.1GB_singlets"
loading R object...
Done
post load
write 07_0561 D0 AND D180_normalized-2.1GB_debeaded.fcs to empty cdf slot...
post gate
post yield
post plot_1
post plot_2
post plot_2
saving ncdf...
saving R object...
Done
To reload it, use 'load_ncfs' function

post save
[1] "07_0630 D0 AND 07_0630 D180_normalized_singlets"
loading R object...
Done
post load
write 07_0630 D0 AND 07_0630 D180_normalized_debeaded.fcs to empty cdf slot...
post gate
post yield
post plot_1
post plot_2
post plot_2
saving ncdf...
saving R object...
Done
To reload it, use 'load_ncfs' function

post save
[1] "07_0630 d360 and 07_0630 d540_normalized-2.1GB_singlets"
loading R object...
Done
post load
write 07_0630 d360 and 07_0630 d540_normalized-2.1GB_debeaded.fcs to empty cdf slot...
post gate
post yield
post plot_1
post plot_2
post plot_2
saving ncdf...
saving R object...
Done
To reload it, use 'load_ncfs' function

post save
Error: unexpected symbol in:
"
catch_render"
Execution halted
