[1] "Identifying live cells"
Loading required package: foreach
Loading required package: iterators
Loading required package: parallel
[1] "07_0630 d360 and 07_0630 d540_normalized-2.1GB_singlets"
Registered S3 method overwritten by 'R.oo':
  method        from       
  throw.default R.methodsS3
Loading required package: flowWorkspace
Loading required package: ggplot2
Loading required package: flowCore
Loading required package: ncdfFlow
Loading required package: RcppArmadillo
Loading required package: BH

Attaching package: 'magrittr'

The following object is masked from 'package:flowWorkspace':

    add


Attaching package: 'cowplot'

The following object is masked from 'package:ggplot2':

    ggsave


Attaching package: 'purrr'

The following object is masked from 'package:magrittr':

    set_names

The following objects are masked from 'package:foreach':

    accumulate, when


Attaching package: 'dplyr'

The following object is masked from 'package:ncdfFlow':

    filter

The following object is masked from 'package:flowCore':

    filter

The following objects are masked from 'package:stats':

    filter, lag

The following objects are masked from 'package:base':

    intersect, setdiff, setequal, union

loading R object...
Done
post load
write 07_0630 d360 and 07_0630 d540_normalized-2.1GB_debeaded.fcs to empty cdf slot...
post gate
post yield
post plot_1
post plot_2
post plot_2
saving ncdf...
saving R object...
Done
To reload it, use 'load_ncfs' function

post save
Error: unexpected symbol in:
"
catch_render"
Execution halted
